<?xml version="1.0" encoding="UTF-8"?>
<!-- Generated by org.testng.reporters.JUnitXMLReporter -->
<testsuite ignored="6" hostname="DESKTOP-3DARDA3" failures="0" tests="12" name="Test" time="0.376" errors="0" timestamp="2023-05-27T22:31:24 IST">
  <testcase classname="testNGFlags.GroupFlag" name="it1" time="0.032"/>
  <testcase classname="testNGFlags.GroupFlag" name="it2" time="0.005"/>
  <testcase classname="testNGFlags.GroupFlag" name="it3" time="0.005"/>
  <testcase classname="testNGFlags.GroupFlag" name="it4" time="0.003"/>
  <testcase classname="testNGFlags.GroupFlag" name="it5" time="0.004"/>
  <testcase classname="testNGFlags.GroupFlag" name="it6" time="0.009"/>
  <testcase classname="testNGFlags.GroupFlag" name="st1" time="0.012"/>
  <testcase classname="testNGFlags.GroupFlag" name="st2" time="0.006"/>
  <testcase classname="testNGFlags.GroupFlag" name="st3" time="0.023"/>
  <testcase classname="testNGFlags.GroupFlag" name="st4" time="0.003"/>
  <testcase classname="testNGFlags.GroupFlag" name="st5" time="0.016"/>
  <testcase classname="testNGFlags.GroupFlag" name="st6" time="0.005"/>
  <testcase classname="testNGFlags.GroupFlag" name="ft1" time="0.0">
    <ignored/>
  </testcase> <!-- ft1 -->
  <testcase classname="testNGFlags.GroupFlag" name="ft3" time="0.0">
    <ignored/>
  </testcase> <!-- ft3 -->
  <testcase classname="testNGFlags.GroupFlag" name="ft5" time="0.0">
    <ignored/>
  </testcase> <!-- ft5 -->
  <testcase classname="testNGFlags.GroupFlag" name="ft2" time="0.0">
    <ignored/>
  </testcase> <!-- ft2 -->
  <testcase classname="testNGFlags.GroupFlag" name="ft4" time="0.0">
    <ignored/>
  </testcase> <!-- ft4 -->
  <testcase classname="testNGFlags.GroupFlag" name="ft6" time="0.0">
    <ignored/>
  </testcase> <!-- ft6 -->
</testsuite> <!-- Test -->
