<?xml version="1.0" encoding="UTF-8"?>
<testng-results ignored="0" total="2" passed="2" failed="0" skipped="0">
  <reporter-output>
  </reporter-output>
  <suite started-at="2023-05-24T12:12:07 IST" name="Suite" finished-at="2023-05-24T12:12:33 IST" duration-ms="26946">
    <groups>
    </groups>
    <test started-at="2023-05-24T12:12:07 IST" name="Test" finished-at="2023-05-24T12:12:33 IST" duration-ms="26946">
      <class name="teatNGPackage2.ActiTime2">
        <test-method signature="loginMethod()[pri:0, instance:teatNGPackage2.ActiTime2@59af0466]" started-at="2023-05-24T12:12:07 IST" name="loginMethod" finished-at="2023-05-24T12:12:33 IST" duration-ms="26772" status="PASS">
          <reporter-output>
          </reporter-output>
        </test-method> <!-- loginMethod -->
      </class> <!-- teatNGPackage2.ActiTime2 -->
      <class name="teatNGPackage2.ActiTime1">
        <test-method signature="loginMethod()[pri:0, instance:teatNGPackage2.ActiTime1@120f102b]" started-at="2023-05-24T12:12:07 IST" name="loginMethod" finished-at="2023-05-24T12:12:33 IST" duration-ms="26131" status="PASS">
          <reporter-output>
          </reporter-output>
        </test-method> <!-- loginMethod -->
      </class> <!-- teatNGPackage2.ActiTime1 -->
    </test> <!-- Test -->
  </suite> <!-- Suite -->
</testng-results>
